ERROR: Pocophone F1 não está ligado
INFO: Pocophone F1 ESTÁ CONECTADO.
ERROR: Pocophone F1 JÁ ESTÁ CONECTADO.
ERROR: Pocophone F1 JÁ ESTÁ CONECTADO.
ERROR: Pocophone F1 não está ligado
INFO: Pocophone F1 foi deligado com sucesso.
ERROR: Pocophone F1 NÃO ESTÁ CONECTADO.
ERROR: Pocophone F1 não está ligado
INFO: Pocophone F1 ESTÁ CONECTADO.
ERROR: Pocophone F1 JÁ ESTÁ CONECTADO.
ERROR: Pocophone F1 JÁ ESTÁ CONECTADO.
ERROR: Pocophone F1 não está ligado
INFO: Pocophone F1 foi deligado com sucesso.
ERROR: Pocophone F1 NÃO ESTÁ CONECTADO.
ERROR: Pocophone F1 não está ligado
INFO: Pocophone F1 ESTÁ CONECTADO.
ERROR: Pocophone F1 JÁ ESTÁ CONECTADO.
ERROR: Pocophone F1 JÁ ESTÁ CONECTADO.
ERROR: Pocophone F1 não está ligado
INFO: Pocophone F1 foi deligado com sucesso.
ERROR: Pocophone F1 NÃO ESTÁ CONECTADO.
